<testExecutions version="1">
<file path="test\test.js">
<testCase name="Prueba Unitaria 1: Creacion de un pedido" duration="35"/>
<testCase name="Prueba Unitaria 2: Pedir status al repartidor" duration="9"/>
<testCase name="Prueba Unitaria 3: Pedir status al restaurante" duration="7"/>
<testCase name="Prueba Unitaria 4: Completar pedido" duration="3"/>
</file>
</testExecutions>
