<?xml version="1.0" ?>
<coverage version="5.3" timestamp="1600488719867" lines-valid="80" lines-covered="35" line-rate="0.4375" branches-covered="0" branches-valid="0" branch-rate="0" complexity="0">
	<!-- Generated by coverage.py: https://coverage.readthedocs.io -->
	<!-- Based on https://raw.githubusercontent.com/cobertura/web/master/htdocs/xml/coverage-04.dtd -->
	<sources>
		<source>C:\Users\Gary\Documents\2S 2020\SA\lab\Practica6_SA</source>
	</sources>
	<packages>
		<package name="main" line-rate="0.4375" branch-rate="0" complexity="0">
			<classes>
				<class name="test.py" filename="src/orquestador/index.js" complexity="0" line-rate="1" branch-rate="0">
					<methods/>
					<lines>
						<line number="1" hits="1"/>
						<line number="2" hits="1"/>
						<line number="3" hits="1"/>
						<line number="4" hits="1"/>
						<line number="5" hits="1"/>
					</lines>
				</class>
				<class name="esb.py" filename="src/cliente/index.js" complexity="0" line-rate="0.3662" branch-rate="0">
					<methods/>
					<lines>
						<line number="1" hits="1"/>
						<line number="2" hits="1"/>
						<line number="3" hits="1"/>
						<line number="5" hits="1"/>
					</lines>
				</class>
			</classes>
		</package>
	</packages>
</coverage>
